info it worked if it ends with ok
verbose cli [ 'node', '/usr/bin/npm', 'install', '-g', 'bower', 'grunt' ]
info using npm@1.1.4
info using node@v0.6.12
verbose config file /root/.npmrc
verbose config file /usr/etc/npmrc
verbose config file /usr/share/npm/npmrc
silly exec /usr/bin/node "/usr/share/npm/bin/npm-get-uid-gid.js" "nobody" 1000
silly spawning [ '/usr/bin/node',
silly spawning   [ '/usr/share/npm/bin/npm-get-uid-gid.js', 'nobody', 1000 ],
silly spawning   null ]
silly output from getuid/gid {"uid":65534,"gid":1000}
silly output from getuid/gid 
verbose cache add [ 'bower', null ]
silly cache add: name, spec, args [ undefined, 'bower', [ 'bower', null ] ]
verbose parsed url { pathname: 'bower', path: 'bower', href: 'bower' }
verbose cache add [ 'grunt', null ]
silly cache add: name, spec, args [ undefined, 'grunt', [ 'grunt', null ] ]
verbose parsed url { pathname: 'grunt', path: 'grunt', href: 'grunt' }
verbose addNamed [ 'bower', '' ]
verbose addNamed [ null, '' ]
silly name, range, hasData [ 'bower', '', false ]
verbose addNamed [ 'grunt', '' ]
verbose addNamed [ null, '' ]
silly name, range, hasData [ 'grunt', '', false ]
verbose raw, before any munging grunt
verbose url resolving [ 'https://registry.npmjs.org/', './grunt' ]
verbose url resolved https://registry.npmjs.org/grunt
verbose etag "EBK4FQOC30TGGNIVGU24CI1MR"
http GET https://registry.npmjs.org/grunt
verbose raw, before any munging bower
verbose url resolving [ 'https://registry.npmjs.org/', './bower' ]
verbose url resolved https://registry.npmjs.org/bower
verbose etag "CVGU713P51IPAUVJH6ENJ1RS3"
http GET https://registry.npmjs.org/bower
http 304 https://registry.npmjs.org/grunt
silly get cb [ 304,
silly get cb   { server: 'CouchDB/1.5.0 (Erlang OTP/R15B03)',
silly get cb     etag: '"EBK4FQOC30TGGNIVGU24CI1MR"',
silly get cb     date: 'Sat, 30 Nov 2013 02:18:32 GMT',
silly get cb     'content-length': '0' } ]
verbose etag grunt from cache
silly name, range, hasData 2 [ 'grunt', '', true ]
silly versions [ 'grunt',
silly versions   [ '0.1.0',
silly versions     '0.1.1',
silly versions     '0.1.2',
silly versions     '0.2.0',
silly versions     '0.2.1',
silly versions     '0.2.2',
silly versions     '0.2.3',
silly versions     '0.2.4',
silly versions     '0.2.5',
silly versions     '0.2.6',
silly versions     '0.2.7',
silly versions     '0.2.8',
silly versions     '0.2.9',
silly versions     '0.2.10',
silly versions     '0.2.11',
silly versions     '0.2.12',
silly versions     '0.2.13',
silly versions     '0.2.14',
silly versions     '0.2.15',
silly versions     '0.3.0',
silly versions     '0.3.1',
silly versions     '0.3.2',
silly versions     '0.3.3',
silly versions     '0.3.4',
silly versions     '0.3.5',
silly versions     '0.3.6',
silly versions     '0.3.7',
silly versions     '0.3.8',
silly versions     '0.3.9',
silly versions     '0.3.10',
silly versions     '0.3.11',
silly versions     '0.3.12',
silly versions     '0.3.13',
silly versions     '0.3.14',
silly versions     '0.3.15',
silly versions     '0.3.16',
silly versions     '0.3.17',
silly versions     '0.3.13-a' ] ]
verbose bin dist [ '0.6-ares1.7.5-evundefined-openssl1.0.1-v83.7.12.22-linux-x64-3.2.0-23-generic',
verbose bin dist   { shasum: 'f2e034d200befd5eeb38ba5c41d4ccd7235fd64d',
verbose bin dist     tarball: 'http://registry.npmjs.org/grunt/-/grunt-0.3.17.tgz' } ]
verbose addRemoteTarball [ 'https://registry.npmjs.org/grunt/-/grunt-0.3.17.tgz',
verbose addRemoteTarball   'f2e034d200befd5eeb38ba5c41d4ccd7235fd64d' ]
verbose mkdir (expected) error ENOENT, no such file or directory '/tmp/npm-1385777912921'
verbose mkdir (expected) error ENOENT, no such file or directory '/tmp/npm-1385777912921/1385777912922-0.836288234917447'
verbose mkdir done: /tmp/npm-1385777912921/1385777912922-0.836288234917447 755
verbose fetch to /tmp/npm-1385777912921/1385777912922-0.836288234917447/tmp.tgz
http GET https://registry.npmjs.org/grunt/-/grunt-0.3.17.tgz
http 304 https://registry.npmjs.org/bower
silly get cb [ 304,
silly get cb   { server: 'CouchDB/1.5.0 (Erlang OTP/R15B03)',
silly get cb     etag: '"CVGU713P51IPAUVJH6ENJ1RS3"',
silly get cb     date: 'Sat, 30 Nov 2013 02:18:32 GMT',
silly get cb     'content-length': '0' } ]
verbose etag bower from cache
silly name, range, hasData 2 [ 'bower', '', true ]
silly versions [ 'bower', [] ]
ERR! Error: No compatible version found: bower
ERR! No valid targets found.
ERR! Perhaps not compatible with your version of node?
ERR!     at installTargetsError (/usr/share/npm/lib/cache.js:488:10)
ERR!     at next_ (/usr/share/npm/lib/cache.js:438:17)
ERR!     at next (/usr/share/npm/lib/cache.js:415:44)
ERR!     at /usr/share/npm/lib/cache.js:408:5
ERR!     at saved (/usr/share/npm/lib/utils/npm-registry-client/get.js:147:7)
ERR!     at Object.oncomplete (/usr/lib/nodejs/graceful-fs.js:230:7)
ERR! You may report this log at:
ERR!     <http://bugs.debian.org/npm>
ERR! or use
ERR!     reportbug --attach /tmp/vagrant-puppet/manifests/npm-debug.log npm
ERR! 
ERR! System Linux 3.2.0-23-generic
ERR! command "node" "/usr/bin/npm" "install" "-g" "bower" "grunt"
ERR! cwd /tmp/vagrant-puppet/manifests
ERR! node -v v0.6.12
ERR! npm -v 1.1.4
ERR! message No compatible version found: bower
ERR! message No valid targets found.
ERR! message Perhaps not compatible with your version of node?
verbose exit [ 1, true ]
